<?xml version="1.0" encoding="UTF-8"?>
<!-- Generated by org.testng.reporters.JUnitReportReporter -->
<testsuite hostname="nimmy" failures="0" tests="1" name="cases.loginPage_TestCase" time="7.739" errors="0" timestamp="15 Jun 2019 06:03:40 GMT" skipped="0">
  <testcase classname="cases.loginPage_TestCase" name="loginpage" time="7.739"/>
</testsuite> <!-- cases.loginPage_TestCase -->
