<?xml version="1.0" encoding="UTF-8"?>
<!-- Generated by org.testng.reporters.JUnitReportReporter -->
<testsuite hostname="nimmy" failures="0" tests="1" name="cases.First_TestCase" time="0.977" errors="0" timestamp="21 Jun 2019 02:00:40 GMT" skipped="0">
  <testcase classname="cases.First_TestCase" name="loginpage" time="0.977"/>
</testsuite> <!-- cases.First_TestCase -->
