<?xml version="1.0" encoding="UTF-8"?>
<!-- Generated by org.testng.reporters.JUnitReportReporter -->
<testsuite hostname="nimmy" failures="0" tests="1" name="cases.mukesh_Class" time="0.599" errors="0" timestamp="19 Jun 2019 03:12:05 GMT" skipped="0">
  <testcase classname="cases.mukesh_Class" name="loginTest" time="0.599"/>
</testsuite> <!-- cases.mukesh_Class -->
